2024-09-08 20:31:49 WARNING [executor-thread-1] class br.ifg.pw.rest.LoginController - email@valdeir
2024-09-08 20:32:38 WARNING [Aesh InputStream Reader] org.aesh.readline.tty.terminal.TerminalConnection - Failed to write out.: java.io.IOException: Erro de entrada/saída
	at java.base/java.io.FileOutputStream.writeBytes(Native Method)
	at java.base/java.io.FileOutputStream.write(FileOutputStream.java:346)
	at org.aesh.readline.tty.terminal.TerminalConnection.write(TerminalConnection.java:270)
	at org.aesh.terminal.io.Encoder.accept(Encoder.java:52)
	at org.aesh.terminal.io.Encoder.accept(Encoder.java:31)
	at org.aesh.terminal.Connection.write(Connection.java:147)
	at io.quarkus.deployment.console.AeshConsole.deadlockSafeWrite(AeshConsole.java:194)
	at io.quarkus.deployment.console.AeshConsole.write(AeshConsole.java:482)
	at io.quarkus.deployment.console.AeshConsole.write(AeshConsole.java:486)
	at io.quarkus.dev.console.RedirectPrintStream.write(RedirectPrintStream.java:20)
	at org.jboss.logmanager.handlers.UncloseableOutputStream.write(UncloseableOutputStream.java:44)
	at org.jboss.logmanager.handlers.UncloseableOutputStream.write(UncloseableOutputStream.java:44)
	at org.jboss.logmanager.handlers.UninterruptibleOutputStream.write(UninterruptibleOutputStream.java:86)
	at java.base/sun.nio.cs.StreamEncoder.writeBytes(StreamEncoder.java:309)
	at java.base/sun.nio.cs.StreamEncoder.implFlushBuffer(StreamEncoder.java:405)
	at java.base/sun.nio.cs.StreamEncoder.implFlush(StreamEncoder.java:410)
	at java.base/sun.nio.cs.StreamEncoder.lockedFlush(StreamEncoder.java:214)
	at java.base/sun.nio.cs.StreamEncoder.flush(StreamEncoder.java:201)
	at java.base/java.io.OutputStreamWriter.flush(OutputStreamWriter.java:262)
	at java.base/java.io.BufferedWriter.implFlush(BufferedWriter.java:372)
	at java.base/java.io.BufferedWriter.flush(BufferedWriter.java:359)
	at org.jboss.logmanager.handlers.WriterHandler.safeFlush(WriterHandler.java:254)
	at org.jboss.logmanager.handlers.WriterHandler.flush(WriterHandler.java:218)
	at org.jboss.logmanager.ExtHandler.doPublish(ExtHandler.java:157)
	at org.jboss.logmanager.handlers.WriterHandler.doPublish(WriterHandler.java:74)
	at org.jboss.logmanager.ExtHandler.publish(ExtHandler.java:88)
	at io.quarkus.deployment.logging.LoggingResourceProcessor$2.accept(LoggingResourceProcessor.java:408)
	at io.quarkus.deployment.logging.LoggingResourceProcessor$2.accept(LoggingResourceProcessor.java:384)
	at io.quarkus.runtime.logging.LoggingSetupRecorder$7.publish(LoggingSetupRecorder.java:570)
	at org.jboss.logmanager.ExtHandler.publishToNestedHandlers(ExtHandler.java:138)
	at io.quarkus.bootstrap.logging.QuarkusDelayedHandler.doPublish(QuarkusDelayedHandler.java:81)
	at org.jboss.logmanager.ExtHandler.publish(ExtHandler.java:88)
	at org.jboss.logmanager.LoggerNode.publish(LoggerNode.java:438)
	at org.jboss.logmanager.LoggerNode.publish(LoggerNode.java:480)
	at org.jboss.logmanager.LoggerNode.publish(LoggerNode.java:480)
	at org.jboss.logmanager.LoggerNode.publish(LoggerNode.java:480)
	at org.jboss.logmanager.LoggerNode.publish(LoggerNode.java:480)
	at org.jboss.logmanager.LoggerNode.publish(LoggerNode.java:480)
	at org.jboss.logmanager.LoggerNode.publish(LoggerNode.java:480)
	at org.jboss.logmanager.Logger.logRaw(Logger.java:1089)
	at org.jboss.logmanager.Logger.log(Logger.java:784)
	at org.aesh.readline.tty.terminal.TerminalConnection.openBlocking(TerminalConnection.java:235)
	at org.aesh.readline.tty.terminal.TerminalConnection.openBlocking(TerminalConnection.java:203)
	at java.base/java.util.concurrent.ThreadPoolExecutor.runWorker(ThreadPoolExecutor.java:1144)
	at java.base/java.util.concurrent.ThreadPoolExecutor$Worker.run(ThreadPoolExecutor.java:642)
	at java.base/java.lang.Thread.run(Thread.java:1583)

2024-09-08 20:32:38 WARNING [Aesh InputStream Reader] org.aesh.readline.tty.terminal.TerminalConnection - Failed while reading, exiting: java.io.IOException: Erro de entrada/saída
	at java.base/java.io.FileInputStream.readBytes(Native Method)
	at java.base/java.io.FileInputStream.read(FileInputStream.java:263)
	at org.aesh.readline.tty.terminal.TerminalConnection.openBlocking(TerminalConnection.java:214)
	at org.aesh.readline.tty.terminal.TerminalConnection.openBlocking(TerminalConnection.java:203)
	at java.base/java.util.concurrent.ThreadPoolExecutor.runWorker(ThreadPoolExecutor.java:1144)
	at java.base/java.util.concurrent.ThreadPoolExecutor$Worker.run(ThreadPoolExecutor.java:642)
	at java.base/java.lang.Thread.run(Thread.java:1583)

2024-09-08 20:32:38 WARNING [Aesh InputStream Reader] org.aesh.readline.tty.terminal.TerminalConnection - Failed to write out.: java.io.IOException: Erro de entrada/saída
	at java.base/java.io.FileOutputStream.writeBytes(Native Method)
	at java.base/java.io.FileOutputStream.write(FileOutputStream.java:346)
	at org.aesh.readline.tty.terminal.TerminalConnection.write(TerminalConnection.java:270)
	at org.aesh.terminal.io.Encoder.accept(Encoder.java:52)
	at org.aesh.terminal.io.Encoder.accept(Encoder.java:31)
	at org.aesh.terminal.Connection.write(Connection.java:147)
	at io.quarkus.deployment.console.AeshConsole.deadlockSafeWrite(AeshConsole.java:194)
	at io.quarkus.deployment.console.AeshConsole.write(AeshConsole.java:482)
	at io.quarkus.dev.console.RedirectPrintStream.write(RedirectPrintStream.java:24)
	at io.quarkus.dev.console.RedirectPrintStream.print(RedirectPrintStream.java:79)
	at java.base/java.lang.ThreadGroup.uncaughtException(ThreadGroup.java:697)
	at java.base/java.lang.ThreadGroup.uncaughtException(ThreadGroup.java:690)
	at java.base/java.lang.ThreadGroup.uncaughtException(ThreadGroup.java:690)
	at java.base/java.lang.Thread.dispatchUncaughtException(Thread.java:2901)

2024-09-08 20:32:38 WARNING [Aesh InputStream Reader] org.aesh.readline.tty.terminal.TerminalConnection - Failed to write out.: java.io.IOException: Erro de entrada/saída
	at java.base/java.io.FileOutputStream.writeBytes(Native Method)
	at java.base/java.io.FileOutputStream.write(FileOutputStream.java:346)
	at org.aesh.readline.tty.terminal.TerminalConnection.write(TerminalConnection.java:270)
	at org.aesh.terminal.io.Encoder.accept(Encoder.java:52)
	at org.aesh.terminal.io.Encoder.accept(Encoder.java:31)
	at org.aesh.terminal.Connection.write(Connection.java:147)
	at io.quarkus.deployment.console.AeshConsole.deadlockSafeWrite(AeshConsole.java:194)
	at io.quarkus.deployment.console.AeshConsole.write(AeshConsole.java:482)
	at io.quarkus.dev.console.RedirectPrintStream.write(RedirectPrintStream.java:24)
	at io.quarkus.dev.console.RedirectPrintStream.println(RedirectPrintStream.java:134)
	at java.base/java.lang.Throwable$WrappedPrintStream.println(Throwable.java:785)
	at java.base/java.lang.Throwable.lockedPrintStackTrace(Throwable.java:684)
	at java.base/java.lang.Throwable.printStackTrace(Throwable.java:673)
	at java.base/java.lang.Throwable.printStackTrace(Throwable.java:660)
	at java.base/java.lang.ThreadGroup.uncaughtException(ThreadGroup.java:698)
	at java.base/java.lang.ThreadGroup.uncaughtException(ThreadGroup.java:690)
	at java.base/java.lang.ThreadGroup.uncaughtException(ThreadGroup.java:690)
	at java.base/java.lang.Thread.dispatchUncaughtException(Thread.java:2901)

2024-09-08 20:32:38 WARNING [Aesh InputStream Reader] org.aesh.readline.tty.terminal.TerminalConnection - Failed to write out.: java.io.IOException: Erro de entrada/saída
	at java.base/java.io.FileOutputStream.writeBytes(Native Method)
	at java.base/java.io.FileOutputStream.write(FileOutputStream.java:346)
	at org.aesh.readline.tty.terminal.TerminalConnection.write(TerminalConnection.java:270)
	at org.aesh.terminal.io.Encoder.accept(Encoder.java:52)
	at org.aesh.terminal.io.Encoder.accept(Encoder.java:31)
	at org.aesh.terminal.Connection.write(Connection.java:147)
	at io.quarkus.deployment.console.AeshConsole.deadlockSafeWrite(AeshConsole.java:194)
	at io.quarkus.deployment.console.AeshConsole.write(AeshConsole.java:482)
	at io.quarkus.dev.console.RedirectPrintStream.write(RedirectPrintStream.java:24)
	at io.quarkus.dev.console.RedirectPrintStream.println(RedirectPrintStream.java:134)
	at java.base/java.lang.Throwable$WrappedPrintStream.println(Throwable.java:785)
	at java.base/java.lang.Throwable.lockedPrintStackTrace(Throwable.java:687)
	at java.base/java.lang.Throwable.printStackTrace(Throwable.java:673)
	at java.base/java.lang.Throwable.printStackTrace(Throwable.java:660)
	at java.base/java.lang.ThreadGroup.uncaughtException(ThreadGroup.java:698)
	at java.base/java.lang.ThreadGroup.uncaughtException(ThreadGroup.java:690)
	at java.base/java.lang.ThreadGroup.uncaughtException(ThreadGroup.java:690)
	at java.base/java.lang.Thread.dispatchUncaughtException(Thread.java:2901)

2024-09-08 20:32:38 WARNING [Aesh InputStream Reader] org.aesh.readline.tty.terminal.TerminalConnection - Failed to write out.: java.io.IOException: Erro de entrada/saída
	at java.base/java.io.FileOutputStream.writeBytes(Native Method)
	at java.base/java.io.FileOutputStream.write(FileOutputStream.java:346)
	at org.aesh.readline.tty.terminal.TerminalConnection.write(TerminalConnection.java:270)
	at org.aesh.terminal.io.Encoder.accept(Encoder.java:52)
	at org.aesh.terminal.io.Encoder.accept(Encoder.java:31)
	at org.aesh.terminal.Connection.write(Connection.java:147)
	at io.quarkus.deployment.console.AeshConsole.deadlockSafeWrite(AeshConsole.java:194)
	at io.quarkus.deployment.console.AeshConsole.write(AeshConsole.java:482)
	at io.quarkus.dev.console.RedirectPrintStream.write(RedirectPrintStream.java:24)
	at io.quarkus.dev.console.RedirectPrintStream.println(RedirectPrintStream.java:134)
	at java.base/java.lang.Throwable$WrappedPrintStream.println(Throwable.java:785)
	at java.base/java.lang.Throwable.lockedPrintStackTrace(Throwable.java:687)
	at java.base/java.lang.Throwable.printStackTrace(Throwable.java:673)
	at java.base/java.lang.Throwable.printStackTrace(Throwable.java:660)
	at java.base/java.lang.ThreadGroup.uncaughtException(ThreadGroup.java:698)
	at java.base/java.lang.ThreadGroup.uncaughtException(ThreadGroup.java:690)
	at java.base/java.lang.ThreadGroup.uncaughtException(ThreadGroup.java:690)
	at java.base/java.lang.Thread.dispatchUncaughtException(Thread.java:2901)

2024-09-08 20:32:38 WARNING [Aesh InputStream Reader] org.aesh.readline.tty.terminal.TerminalConnection - Failed to write out.: java.io.IOException: Erro de entrada/saída
	at java.base/java.io.FileOutputStream.writeBytes(Native Method)
	at java.base/java.io.FileOutputStream.write(FileOutputStream.java:346)
	at org.aesh.readline.tty.terminal.TerminalConnection.write(TerminalConnection.java:270)
	at org.aesh.terminal.io.Encoder.accept(Encoder.java:52)
	at org.aesh.terminal.io.Encoder.accept(Encoder.java:31)
	at org.aesh.terminal.Connection.write(Connection.java:147)
	at io.quarkus.deployment.console.AeshConsole.deadlockSafeWrite(AeshConsole.java:194)
	at io.quarkus.deployment.console.AeshConsole.write(AeshConsole.java:482)
	at io.quarkus.dev.console.RedirectPrintStream.write(RedirectPrintStream.java:24)
	at io.quarkus.dev.console.RedirectPrintStream.println(RedirectPrintStream.java:134)
	at java.base/java.lang.Throwable$WrappedPrintStream.println(Throwable.java:785)
	at java.base/java.lang.Throwable.lockedPrintStackTrace(Throwable.java:687)
	at java.base/java.lang.Throwable.printStackTrace(Throwable.java:673)
	at java.base/java.lang.Throwable.printStackTrace(Throwable.java:660)
	at java.base/java.lang.ThreadGroup.uncaughtException(ThreadGroup.java:698)
	at java.base/java.lang.ThreadGroup.uncaughtException(ThreadGroup.java:690)
	at java.base/java.lang.ThreadGroup.uncaughtException(ThreadGroup.java:690)
	at java.base/java.lang.Thread.dispatchUncaughtException(Thread.java:2901)

2024-09-08 20:32:38 WARNING [Aesh InputStream Reader] org.aesh.readline.tty.terminal.TerminalConnection - Failed to write out.: java.io.IOException: Erro de entrada/saída
	at java.base/java.io.FileOutputStream.writeBytes(Native Method)
	at java.base/java.io.FileOutputStream.write(FileOutputStream.java:346)
	at org.aesh.readline.tty.terminal.TerminalConnection.write(TerminalConnection.java:270)
	at org.aesh.terminal.io.Encoder.accept(Encoder.java:52)
	at org.aesh.terminal.io.Encoder.accept(Encoder.java:31)
	at org.aesh.terminal.Connection.write(Connection.java:147)
	at io.quarkus.deployment.console.AeshConsole.deadlockSafeWrite(AeshConsole.java:194)
	at io.quarkus.deployment.console.AeshConsole.write(AeshConsole.java:482)
	at io.quarkus.dev.console.RedirectPrintStream.write(RedirectPrintStream.java:24)
	at io.quarkus.dev.console.RedirectPrintStream.println(RedirectPrintStream.java:134)
	at java.base/java.lang.Throwable$WrappedPrintStream.println(Throwable.java:785)
	at java.base/java.lang.Throwable.lockedPrintStackTrace(Throwable.java:687)
	at java.base/java.lang.Throwable.printStackTrace(Throwable.java:673)
	at java.base/java.lang.Throwable.printStackTrace(Throwable.java:660)
	at java.base/java.lang.ThreadGroup.uncaughtException(ThreadGroup.java:698)
	at java.base/java.lang.ThreadGroup.uncaughtException(ThreadGroup.java:690)
	at java.base/java.lang.ThreadGroup.uncaughtException(ThreadGroup.java:690)
	at java.base/java.lang.Thread.dispatchUncaughtException(Thread.java:2901)

2024-09-08 20:32:38 WARNING [Aesh InputStream Reader] org.aesh.readline.tty.terminal.TerminalConnection - Failed to write out.: java.io.IOException: Erro de entrada/saída
	at java.base/java.io.FileOutputStream.writeBytes(Native Method)
	at java.base/java.io.FileOutputStream.write(FileOutputStream.java:346)
	at org.aesh.readline.tty.terminal.TerminalConnection.write(TerminalConnection.java:270)
	at org.aesh.terminal.io.Encoder.accept(Encoder.java:52)
	at org.aesh.terminal.io.Encoder.accept(Encoder.java:31)
	at org.aesh.terminal.Connection.write(Connection.java:147)
	at io.quarkus.deployment.console.AeshConsole.deadlockSafeWrite(AeshConsole.java:194)
	at io.quarkus.deployment.console.AeshConsole.write(AeshConsole.java:482)
	at io.quarkus.dev.console.RedirectPrintStream.write(RedirectPrintStream.java:24)
	at io.quarkus.dev.console.RedirectPrintStream.println(RedirectPrintStream.java:134)
	at java.base/java.lang.Throwable$WrappedPrintStream.println(Throwable.java:785)
	at java.base/java.lang.Throwable.lockedPrintStackTrace(Throwable.java:687)
	at java.base/java.lang.Throwable.printStackTrace(Throwable.java:673)
	at java.base/java.lang.Throwable.printStackTrace(Throwable.java:660)
	at java.base/java.lang.ThreadGroup.uncaughtException(ThreadGroup.java:698)
	at java.base/java.lang.ThreadGroup.uncaughtException(ThreadGroup.java:690)
	at java.base/java.lang.ThreadGroup.uncaughtException(ThreadGroup.java:690)
	at java.base/java.lang.Thread.dispatchUncaughtException(Thread.java:2901)

2024-09-08 20:32:38 WARNING [Aesh InputStream Reader] org.aesh.readline.tty.terminal.TerminalConnection - Failed to write out.: java.io.IOException: Erro de entrada/saída
	at java.base/java.io.FileOutputStream.writeBytes(Native Method)
	at java.base/java.io.FileOutputStream.write(FileOutputStream.java:346)
	at org.aesh.readline.tty.terminal.TerminalConnection.write(TerminalConnection.java:270)
	at org.aesh.terminal.io.Encoder.accept(Encoder.java:52)
	at org.aesh.terminal.io.Encoder.accept(Encoder.java:31)
	at org.aesh.terminal.Connection.write(Connection.java:147)
	at io.quarkus.deployment.console.AeshConsole.deadlockSafeWrite(AeshConsole.java:194)
	at io.quarkus.deployment.console.AeshConsole.write(AeshConsole.java:482)
	at io.quarkus.dev.console.RedirectPrintStream.write(RedirectPrintStream.java:24)
	at io.quarkus.dev.console.RedirectPrintStream.println(RedirectPrintStream.java:134)
	at java.base/java.lang.Throwable$WrappedPrintStream.println(Throwable.java:785)
	at java.base/java.lang.Throwable.lockedPrintStackTrace(Throwable.java:687)
	at java.base/java.lang.Throwable.printStackTrace(Throwable.java:673)
	at java.base/java.lang.Throwable.printStackTrace(Throwable.java:660)
	at java.base/java.lang.ThreadGroup.uncaughtException(ThreadGroup.java:698)
	at java.base/java.lang.ThreadGroup.uncaughtException(ThreadGroup.java:690)
	at java.base/java.lang.ThreadGroup.uncaughtException(ThreadGroup.java:690)
	at java.base/java.lang.Thread.dispatchUncaughtException(Thread.java:2901)

